#
# A fatal error has been detected by the Java Runtime Environment:
#
#  SIGSEGV (0xb) at pc=0x000000010f4ae695, pid=2140, tid=17411
#
# JRE version: 7.0_25-b15
# Java VM: Java HotSpot(TM) 64-Bit Server VM (23.25-b01 mixed mode bsd-amd64 compressed oops)
# Problematic frame:
# V  [libjvm.dylib+0x3b5695]
#
# Failed to write core dump. Core dumps have been disabled. To enable core dumping, try "ulimit -c unlimited" before starting Java again
#
# If you would like to submit a bug report, please visit:
#   http://bugreport.sun.com/bugreport/crash.jsp
#

---------------  T H R E A D  ---------------

Current thread (0x00007f902a0df000):  JavaThread "*** Profiler Agent Special Execution Thread 3" daemon [_thread_blocked, id=17411, stack(0x000000011487f000,0x000000011497f000)]

siginfo:si_signo=SIGSEGV: si_errno=0, si_code=0 (SEGV0), si_addr=0x0000000000000000

Registers:
RAX=0x4000000029c6be50, RBX=0x4000000029c6be50, RCX=0x4000000029c6be70, RDX=0x000000010f829c88
RSP=0x000000011497e7c0, RBP=0x000000011497e7d0, RSI=0x0000000000000000, RDI=0x4000000029c6be50
R8 =0x0000000040000001, R9 =0x0000000040000000, R10=0x0000000000000000, R11=0x0000000000000203
R12=0x00007f902b104c18, R13=0x00007f9029c851f0, R14=0x0000000000000000, R15=0x00007f902b104b90
RIP=0x000000010f4ae695, EFLAGS=0x0000000000010246, ERR=0x0000000000000000
  TRAPNO=0x000000000000000d

Top of Stack: (sp=0x000000011497e7c0)
0x000000011497e7c0:   00007f902a0df000 0000000000000000
0x000000011497e7d0:   000000011497e800 000000010f1b8fe0
0x000000011497e7e0:   00007f90000a762f 00007f9029c855f0
0x000000011497e7f0:   00007f902a0df000 0000000000000000
0x000000011497e800:   000000011497e810 000000010f4a8a2c
0x000000011497e810:   000000011497e8a0 000000010f4a9121
0x000000011497e820:   00007f902a0df000 0000000229c85590
0x000000011497e830:   0000000000000000 0000000129f3d088
0x000000011497e840:   00007f902a0df000 000000011497e848
0x000000011497e850:   000000011497e848 00007f902a0df000
0x000000011497e860:   00007f9029c85700 0000000300000000
0x000000011497e870:   000000001497e890 00000000000000c8
0x000000011497e880:   00007f902b104b90 000000011497e9f8
0x000000011497e890:   00007f902a0df000 00007f9029f3d078
0x000000011497e8a0:   000000011497e8d0 000000010f546407
0x000000011497e8b0:   00000000000000c8 00000000000000c8
0x000000011497e8c0:   00007f9029f3d078 00007f902a0df000
0x000000011497e8d0:   000000011497e930 000000010f3bf723
0x000000011497e8e0:   00007f9000000005 00007f902a0df000
0x000000011497e8f0:   000000011497e901 00007f9029c85e70
0x000000011497e900:   00007f902a0df000 00007f902a0df000
0x000000011497e910:   00007f902a0df000 00007f902a0df1d8
0x000000011497e920:   000000011497e9f8 00007f902a0df000
0x000000011497e930:   000000011497e960 000000010fcfb665
0x000000011497e940:   000000011497e9b0 00000007fae02958
0x000000011497e950:   0000000000000000 00000007fae02950
0x000000011497e960:   000000011497e9c8 0000000110611f90
0x000000011497e970:   000000011497ea01 00007f9029c85e70
0x000000011497e980:   000000011497e9d0 000000011497e988
0x000000011497e990:   0000000000000000 000000011497e9f8
0x000000011497e9a0:   00000007fae44fe8 0000000000000000
0x000000011497e9b0:   00000007fae02958 0000000000000000 

Instructions: (pc=0x000000010f4ae695)
0x000000010f4ae675:   83 c4 08 5b 5d e9 d1 8a 10 00 90 55 48 89 e5 41
0x000000010f4ae685:   56 53 48 89 fb 48 8d 4f 20 48 8d 15 f3 b5 37 00
0x000000010f4ae695:   8b 31 85 f6 7e 10 83 3a 02 7c 05 f0 83 04 24 00
0x000000010f4ae6a5:   39 31 75 ec eb 55 8d 7e 01 83 3a 01 0f 9f c0 44 

Register to memory mapping:

RAX=
[error occurred during error reporting (printing register info), id 0xb]

Stack: [0x000000011487f000,0x000000011497f000],  sp=0x000000011497e7c0,  free space=1021k
Native frames: (J=compiled Java code, j=interpreted, Vv=VM code, C=native code)
V  [libjvm.dylib+0x3b5695]
V  [libjvm.dylib+0xbffe0]
V  [libjvm.dylib+0x3afa2c]
V  [libjvm.dylib+0x3b0121]
V  [libjvm.dylib+0x44d407]
V  [libjvm.dylib+0x2c6723]
C  [libprofilerinterface.jnilib+0x1665]  waitInterceptor+0x5d
j  java.lang.Object.wait(J)V+0

Java frames: (J=compiled Java code, j=interpreted, Vv=VM code)
j  java.lang.Object.wait(J)V+0
J  java.lang.ref.ReferenceQueue.remove(J)Ljava/lang/ref/Reference;

[error occurred during error reporting (printing Java stack), id 0xb]


---------------  P R O C E S S  ---------------

Java Threads: ( => current thread )
  0x00007f902b8c3800 JavaThread "pool-4-thread-23" [_thread_blocked, id=30979, stack(0x000000011677a000,0x000000011687a000)]
  0x00007f902ab66000 JavaThread "SIGTERM handler" daemon [_thread_blocked, id=28679, stack(0x0000000115c47000,0x0000000115d47000)]
  0x00007f902b922800 JavaThread "Incoming-3,PubSub,victoire-34471" [_thread_blocked, id=24835, stack(0x0000000116156000,0x0000000116256000)]
  0x00007f902b0ff800 JavaThread "FD_SOCK client connection handler,PubSub,victoire-34471" daemon [_thread_in_native, id=24067, stack(0x0000000116053000,0x0000000116153000)]
  0x00007f902b8e4000 JavaThread "FD_SOCK pinger,PubSub,victoire-34471" daemon [_thread_in_native, id=23811, stack(0x0000000115f50000,0x0000000116050000)]
  0x00007f902b8e3800 JavaThread "Incoming-2,PubSub,victoire-34471" [_thread_blocked, id=23555, stack(0x0000000115e4d000,0x0000000115f4d000)]
  0x00007f902a946800 JavaThread "Incoming-1,PubSub,victoire-34471" [_thread_blocked, id=23299, stack(0x0000000115d4a000,0x0000000115e4a000)]
  0x00007f902a9aa000 JavaThread "DestroyJavaVM" [_thread_blocked, id=4355, stack(0x000000010fba3000,0x000000010fca3000)]
  0x00007f902b902000 JavaThread "Thread-8" [_thread_in_vm, id=22531, stack(0x0000000115b44000,0x0000000115c44000)]
  0x00007f902a028000 JavaThread "Thread-9" [_thread_blocked, id=22275, stack(0x0000000115a41000,0x0000000115b41000)]
  0x00007f902b0b8000 JavaThread "Thread-7" [_thread_in_vm, id=22019, stack(0x000000011593e000,0x0000000115a3e000)]
  0x00007f902b027000 JavaThread "Thread-6" [_thread_blocked, id=11015, stack(0x0000000113cee000,0x0000000113dee000)]
  0x00007f902b917800 JavaThread "INT-2,PubSub,victoire-34471" [_thread_blocked, id=21763, stack(0x00000001156a8000,0x00000001157a8000)]
  0x00007f902b0b7000 JavaThread "INT-1,PubSub,victoire-34471" [_thread_blocked, id=21507, stack(0x00000001155a5000,0x00000001156a5000)]
  0x00007f902b0b5800 JavaThread "Timer-5,PubSub,victoire-34471" daemon [_thread_blocked, id=21251, stack(0x00000001154a2000,0x00000001155a2000)]
  0x00007f902b0b6800 JavaThread "Timer-4,PubSub,victoire-34471" daemon [_thread_blocked, id=20995, stack(0x000000011539f000,0x000000011549f000)]
  0x00007f902b0b1800 JavaThread "FD_SOCK acceptor,PubSub,victoire-34471" daemon [_thread_in_native, id=20739, stack(0x000000011529c000,0x000000011539c000)]
  0x00007f902b918800 JavaThread "unicast receiver,PubSub,victoire-34471" [_thread_in_native, id=20483, stack(0x0000000115199000,0x0000000115299000)]
  0x00007f902a1a9000 JavaThread "TransferQueueBundler,PubSub,victoire-34471" [_thread_blocked, id=20227, stack(0x0000000115096000,0x0000000115196000)]
  0x00007f902a1aa000 JavaThread "DiagnosticsHandler,PubSub,victoire-34471" daemon [_thread_in_native, id=19971, stack(0x0000000114f93000,0x0000000115093000)]
  0x00007f902a1a8000 JavaThread "Timer-3,PubSub,victoire-34471" daemon [_thread_blocked, id=19715, stack(0x0000000114e90000,0x0000000114f90000)]
  0x00007f902a1ab000 JavaThread "Timer-2,PubSub,victoire-34471" daemon [_thread_blocked, id=19459, stack(0x0000000114d8d000,0x0000000114e8d000)]
  0x00007f902b0b0800 JavaThread "Timer runner-1,PubSub,victoire-34471" daemon [_thread_blocked, id=18951, stack(0x0000000114c8a000,0x0000000114d8a000)]
=>0x00007f902a0df000 JavaThread "*** Profiler Agent Special Execution Thread 3" daemon [_thread_blocked, id=17411, stack(0x000000011487f000,0x000000011497f000)]
  0x00007f902a88c800 JavaThread "Service Thread" daemon [_thread_blocked, id=17155, stack(0x000000011477c000,0x000000011487c000)]
  0x00007f902a88c000 JavaThread "C2 CompilerThread1" daemon [_thread_blocked, id=16899, stack(0x0000000114679000,0x0000000114779000)]
  0x00007f902a88b000 JavaThread "C2 CompilerThread0" daemon [_thread_blocked, id=16643, stack(0x0000000114576000,0x0000000114676000)]
  0x00007f902b04b000 JavaThread "process reaper" daemon [_thread_blocked, id=16131, stack(0x0000000114323000,0x000000011434b000)]
  0x00007f902a043000 JavaThread "*** JFluid Monitor thread ***" daemon [_thread_blocked, id=15363, stack(0x0000000114110000,0x0000000114210000)]
  0x00007f902b80d800 JavaThread "Signal Dispatcher" daemon [_thread_blocked, id=14851, stack(0x0000000113df4000,0x0000000113ef4000)]
  0x00007f902b806000 JavaThread "Finalizer" daemon [_thread_blocked, id=10243, stack(0x0000000113bbe000,0x0000000113cbe000)]
  0x00007f902a005800 JavaThread "Reference Handler" daemon [_thread_blocked, id=9987, stack(0x0000000113abb000,0x0000000113bbb000)]

Other Threads:
  0x00007f902b01f000 VMThread [stack: 0x00000001139b8000,0x0000000113ab8000] [id=9731]

VM state:synchronizing (normal execution)

VM Mutex/Monitor currently owned by a thread:  ([mutex/lock_event])
[0x00007f9029e03be0] Safepoint_lock - owner thread: 0x00007f902b01f000
[0x00007f9029e03c60] Threads_lock - owner thread: 0x00007f902b01f000

Heap
 def new generation   total 6912K, used 2332K [0x00000007ea200000, 0x00000007ea970000, 0x00000007efb50000)
  eden space 6208K,  37% used [0x00000007ea200000, 0x00000007ea447020, 0x00000007ea810000)
  from space 704K,   0% used [0x00000007ea810000, 0x00000007ea810000, 0x00000007ea8c0000)
  to   space 704K,   0% used [0x00000007ea8c0000, 0x00000007ea8c0000, 0x00000007ea970000)
 tenured generation   total 15068K, used 9038K [0x00000007efb50000, 0x00000007f0a07000, 0x00000007fae00000)
   the space 15068K,  59% used [0x00000007efb50000, 0x00000007f0423b80, 0x00000007f0423c00, 0x00000007f0a07000)
 compacting perm gen  total 21248K, used 14168K [0x00000007fae00000, 0x00000007fc2c0000, 0x0000000800000000)
   the space 21248K,  66% used [0x00000007fae00000, 0x00000007fbbd60c0, 0x00000007fbbd6200, 0x00000007fc2c0000)
No shared spaces configured.

Card table byte_map: [0x0000000113600000,0x00000001136b0000] byte_map_base: 0x000000010f6af000

Polling page: 0x000000010fce2000

Code Cache  [0x0000000110600000, 0x0000000110870000, 0x0000000113600000)
 total_blobs=612 nmethods=292 adapters=272 free_code_cache=48081Kb largest_free_block=49201280

Compilation events (10 events):
Event: 41.854 Thread 0x00007f902a88c000 nmethod 305 0x00000001106ff3d0 code [0x00000001106ff520, 0x00000001106ff5d8]
Event: 41.862 Thread 0x00007f902a88b000 nmethod 303 0x0000000110701550 code [0x00000001107016e0, 0x0000000110701b68]
Event: 41.870 Thread 0x00007f902a88c000  306             java.util.HashSet::contains (9 bytes)
Event: 41.874 Thread 0x00007f902a88c000 nmethod 306 0x00000001106fec50 code [0x00000001106fedc0, 0x00000001106ff028]
Event: 42.343 Thread 0x00007f902a88b000  307             java.util.concurrent.ConcurrentHashMap::segmentAt (31 bytes)
Event: 42.344 Thread 0x00007f902a88b000 nmethod 307 0x00000001106bd910 code [0x00000001106bda40, 0x00000001106bdab8]
Event: 42.594 Thread 0x00007f902a88c000  308   !         org.netbeans.lib.profiler.server.Monitors$SurvGenAndThreadsMonitor::updateThreadsData (272 bytes)
Event: 42.631 Thread 0x00007f902a88c000 nmethod 308 0x0000000110711f90 code [0x00000001107121c0, 0x00000001107131b0]
Event: 43.899 Thread 0x00007f902a88b000  309             java.lang.Class::searchMethods (90 bytes)
Event: 43.910 Thread 0x00007f902a88b000 nmethod 309 0x0000000110700810 code [0x00000001107009c0, 0x0000000110700f78]

GC Heap History (10 events):
Event: 38.558 GC heap before
{Heap before GC invocations=20 (full 2):
 def new generation   total 5952K, used 64K [0x00000007ea200000, 0x00000007ea870000, 0x00000007efb50000)
  eden space 5312K,   1% used [0x00000007ea200000, 0x00000007ea2100f8, 0x00000007ea730000)
  from space 640K,   0% used [0x00000007ea730000, 0x00000007ea730000, 0x00000007ea7d0000)
  to   space 640K,   0% used [0x00000007ea7d0000, 0x00000007ea7d0000, 0x00000007ea870000)
 tenured generation   total 12936K, used 7761K [0x00000007efb50000, 0x00000007f07f2000, 0x00000007fae00000)
   the space 12936K,  59% used [0x00000007efb50000, 0x00000007f02e4570, 0x00000007f02e4600, 0x00000007f07f2000)
 compacting perm gen  total 21248K, used 18366K [0x00000007fae00000, 0x00000007fc2c0000, 0x0000000800000000)
   the space 21248K,  86% used [0x00000007fae00000, 0x00000007fbfef958, 0x00000007fbfefa00, 0x00000007fc2c0000)
No shared spaces configured.
Event: 38.866 GC heap after
Heap after GC invocations=21 (full 3):
 def new generation   total 5952K, used 0K [0x00000007ea200000, 0x00000007ea870000, 0x00000007efb50000)
  eden space 5312K,   0% used [0x00000007ea200000, 0x00000007ea200000, 0x00000007ea730000)
  from space 640K,   0% used [0x00000007ea730000, 0x00000007ea730000, 0x00000007ea7d0000)
  to   space 640K,   0% used [0x00000007ea7d0000, 0x00000007ea7d0000, 0x00000007ea870000)
 tenured generation   total 12936K, used 7762K [0x00000007efb50000, 0x00000007f07f2000, 0x00000007fae00000)
   the space 12936K,  60% used [0x00000007efb50000, 0x00000007f02e4998, 0x00000007f02e4a00, 0x00000007f07f2000)
 compacting perm gen  total 21248K, used 18366K [0x00000007fae00000, 0x00000007fc2c0000, 0x0000000800000000)
   the space 21248K,  86% used [0x00000007fae00000, 0x00000007fbfef958, 0x00000007fbfefa00, 0x00000007fc2c0000)
No shared spaces configured.
}
Event: 40.097 GC heap before
{Heap before GC invocations=21 (full 3):
 def new generation   total 5952K, used 5312K [0x00000007ea200000, 0x00000007ea870000, 0x00000007efb50000)
  eden space 5312K, 100% used [0x00000007ea200000, 0x00000007ea730000, 0x00000007ea730000)
  from space 640K,   0% used [0x00000007ea730000, 0x00000007ea730000, 0x00000007ea7d0000)
  to   space 640K,   0% used [0x00000007ea7d0000, 0x00000007ea7d0000, 0x00000007ea870000)
 tenured generation   total 12936K, used 7762K [0x00000007efb50000, 0x00000007f07f2000, 0x00000007fae00000)
   the space 12936K,  60% used [0x00000007efb50000, 0x00000007f02e4998, 0x00000007f02e4a00, 0x00000007f07f2000)
 compacting perm gen  total 21248K, used 18404K [0x00000007fae00000, 0x00000007fc2c0000, 0x0000000800000000)
   the space 21248K,  86% used [0x00000007fae00000, 0x00000007fbff9158, 0x00000007fbff9200, 0x00000007fc2c0000)
No shared spaces configured.
Event: 40.106 GC heap after
Heap after GC invocations=22 (full 3):
 def new generation   total 5952K, used 640K [0x00000007ea200000, 0x00000007ea870000, 0x00000007efb50000)
  eden space 5312K,   0% used [0x00000007ea200000, 0x00000007ea200000, 0x00000007ea730000)
  from space 640K, 100% used [0x00000007ea7d0000, 0x00000007ea870000, 0x00000007ea870000)
  to   space 640K,   0% used [0x00000007ea730000, 0x00000007ea730000, 0x00000007ea7d0000)
 tenured generation   total 12936K, used 8473K [0x00000007efb50000, 0x00000007f07f2000, 0x00000007fae00000)
   the space 12936K,  65% used [0x00000007efb50000, 0x00000007f0396670, 0x00000007f0396800, 0x00000007f07f2000)
 compacting perm gen  total 21248K, used 18404K [0x00000007fae00000, 0x00000007fc2c0000, 0x0000000800000000)
   the space 21248K,  86% used [0x00000007fae00000, 0x00000007fbff9158, 0x00000007fbff9200, 0x00000007fc2c0000)
No shared spaces configured.
}
Event: 41.305 GC heap before
{Heap before GC invocations=22 (full 3):
 def new generation   total 5952K, used 5952K [0x00000007ea200000, 0x00000007ea870000, 0x00000007efb50000)
  eden space 5312K, 100% used [0x00000007ea200000, 0x00000007ea730000, 0x00000007ea730000)
  from space 640K, 100% used [0x00000007ea7d0000, 0x00000007ea870000, 0x00000007ea870000)
  to   space 640K,   0% used [0x00000007ea730000, 0x00000007ea730000, 0x00000007ea7d0000)
 tenured generation   total 12936K, used 8473K [0x00000007efb50000, 0x00000007f07f2000, 0x00000007fae00000)
   the space 12936K,  65% used [0x00000007efb50000, 0x00000007f0396670, 0x00000007f0396800, 0x00000007f07f2000)
 compacting perm gen  total 21248K, used 18410K [0x00000007fae00000, 0x00000007fc2c0000, 0x0000000800000000)
   the space 21248K,  86% used [0x00000007fae00000, 0x00000007fbffa880, 0x00000007fbffaa00, 0x00000007fc2c0000)
No shared spaces configured.
Event: 41.317 GC heap after
Heap after GC invocations=23 (full 3):
 def new generation   total 5952K, used 640K [0x00000007ea200000, 0x00000007ea870000, 0x00000007efb50000)
  eden space 5312K,   0% used [0x00000007ea200000, 0x00000007ea200000, 0x00000007ea730000)
  from space 640K, 100% used [0x00000007ea730000, 0x00000007ea7d0000, 0x00000007ea7d0000)
  to   space 640K,   0% used [0x00000007ea7d0000, 0x00000007ea7d0000, 0x00000007ea870000)
 tenured generation   total 12936K, used 9202K [0x00000007efb50000, 0x00000007f07f2000, 0x00000007fae00000)
   the space 12936K,  71% used [0x00000007efb50000, 0x00000007f044ca18, 0x00000007f044cc00, 0x00000007f07f2000)
 compacting perm gen  total 21248K, used 18410K [0x00000007fae00000, 0x00000007fc2c0000, 0x0000000800000000)
   the space 21248K,  86% used [0x00000007fae00000, 0x00000007fbffa880, 0x00000007fbffaa00, 0x00000007fc2c0000)
No shared spaces configured.
}
Event: 42.558 GC heap before
{Heap before GC invocations=23 (full 3):
 def new generation   total 5952K, used 5952K [0x00000007ea200000, 0x00000007ea870000, 0x00000007efb50000)
  eden space 5312K, 100% used [0x00000007ea200000, 0x00000007ea730000, 0x00000007ea730000)
  from space 640K, 100% used [0x00000007ea730000, 0x00000007ea7d0000, 0x00000007ea7d0000)
  to   space 640K,   0% used [0x00000007ea7d0000, 0x00000007ea7d0000, 0x00000007ea870000)
 tenured generation   total 12936K, used 9202K [0x00000007efb50000, 0x00000007f07f2000, 0x00000007fae00000)
   the space 12936K,  71% used [0x00000007efb50000, 0x00000007f044ca18, 0x00000007f044cc00, 0x00000007f07f2000)
 compacting perm gen  total 21248K, used 18410K [0x00000007fae00000, 0x00000007fc2c0000, 0x0000000800000000)
   the space 21248K,  86% used [0x00000007fae00000, 0x00000007fbffaae8, 0x00000007fbffac00, 0x00000007fc2c0000)
No shared spaces configured.
Event: 42.569 GC heap after
Heap after GC invocations=24 (full 3):
 def new generation   total 5952K, used 640K [0x00000007ea200000, 0x00000007ea870000, 0x00000007efb50000)
  eden space 5312K,   0% used [0x00000007ea200000, 0x00000007ea200000, 0x00000007ea730000)
  from space 640K, 100% used [0x00000007ea7d0000, 0x00000007ea870000, 0x00000007ea870000)
  to   space 640K,   0% used [0x00000007ea730000, 0x00000007ea730000, 0x00000007ea7d0000)
 tenured generation   total 12936K, used 9829K [0x00000007efb50000, 0x00000007f07f2000, 0x00000007fae00000)
   the space 12936K,  75% used [0x00000007efb50000, 0x00000007f04e95a0, 0x00000007f04e9600, 0x00000007f07f2000)
 compacting perm gen  total 21248K, used 18410K [0x00000007fae00000, 0x00000007fc2c0000, 0x0000000800000000)
   the space 21248K,  86% used [0x00000007fae00000, 0x00000007fbffaae8, 0x00000007fbffac00, 0x00000007fc2c0000)
No shared spaces configured.
}
Event: 43.258 GC heap before
{Heap before GC invocations=24 (full 3):
 def new generation   total 5952K, used 3864K [0x00000007ea200000, 0x00000007ea870000, 0x00000007efb50000)
  eden space 5312K,  60% used [0x00000007ea200000, 0x00000007ea526200, 0x00000007ea730000)
  from space 640K, 100% used [0x00000007ea7d0000, 0x00000007ea870000, 0x00000007ea870000)
  to   space 640K,   0% used [0x00000007ea730000, 0x00000007ea730000, 0x00000007ea7d0000)
 tenured generation   total 12936K, used 9829K [0x00000007efb50000, 0x00000007f07f2000, 0x00000007fae00000)
   the space 12936K,  75% used [0x00000007efb50000, 0x00000007f04e95a0, 0x00000007f04e9600, 0x00000007f07f2000)
 compacting perm gen  total 21248K, used 18411K [0x00000007fae00000, 0x00000007fc2c0000, 0x0000000800000000)
   the space 21248K,  86% used [0x00000007fae00000, 0x00000007fbffae68, 0x00000007fbffb000, 0x00000007fc2c0000)
No shared spaces configured.
Event: 43.359 GC heap after
Heap after GC invocations=25 (full 4):
 def new generation   total 6912K, used 0K [0x00000007ea200000, 0x00000007ea970000, 0x00000007efb50000)
  eden space 6208K,   0% used [0x00000007ea200000, 0x00000007ea200000, 0x00000007ea810000)
  from space 704K,   0% used [0x00000007ea810000, 0x00000007ea810000, 0x00000007ea8c0000)
  to   space 704K,   0% used [0x00000007ea8c0000, 0x00000007ea8c0000, 0x00000007ea970000)
 tenured generation   total 15068K, used 9038K [0x00000007efb50000, 0x00000007f0a07000, 0x00000007fae00000)
   the space 15068K,  59% used [0x00000007efb50000, 0x00000007f0423b80, 0x00000007f0423c00, 0x00000007f0a07000)
 compacting perm gen  total 21248K, used 14165K [0x00000007fae00000, 0x00000007fc2c0000, 0x0000000800000000)
   the space 21248K,  66% used [0x00000007fae00000, 0x00000007fbbd57c0, 0x00000007fbbd5800, 0x00000007fc2c0000)
No shared spaces configured.
}

Deoptimization events (10 events):
Event: 31.980 Thread 0x00007f902b0b8000 Uncommon trap -83 fr.pc 0x00000001106bdabc
Event: 32.010 Thread 0x00007f902a946800 Uncommon trap -83 fr.pc 0x00000001106bdf5c
Event: 36.025 Thread 0x00007f902b922800 Uncommon trap -122 fr.pc 0x00000001106fa084
Event: 37.105 Thread 0x00007f902b922800 Uncommon trap -42 fr.pc 0x00000001106fc06c
Event: 37.105 Thread 0x00007f902b922800 Uncommon trap -42 fr.pc 0x00000001106fc06c
Event: 37.107 Thread 0x00007f902b922800 Uncommon trap -42 fr.pc 0x00000001106fc06c
Event: 37.107 Thread 0x00007f902b922800 Uncommon trap -42 fr.pc 0x00000001106fc06c
Event: 38.557 Thread 0x00007f902a043000 Uncommon trap -83 fr.pc 0x00000001106bedd4
Event: 38.874 Thread 0x00007f902a005800 Uncommon trap -83 fr.pc 0x000000011069bd34
Event: 41.275 Thread 0x00007f902b902000 Uncommon trap -20 fr.pc 0x000000011070ab60

Internal exceptions (10 events):
Event: 33.857 Thread 0x00007f902b0b5800 Threw 0x00000007ea67d640 at /HUDSON/workspace/jdk7u25-2-build-macosx-amd64-product/jdk7u25/hotspot/src/share/vm/prims/jvm.cpp:1235
Event: 41.249 Thread 0x00007f902b040800 Threw 0x00000007ea6ae610 at /HUDSON/workspace/jdk7u25-2-build-macosx-amd64-product/jdk7u25/hotspot/src/share/vm/prims/jvm.cpp:1235
Event: 41.275 Thread 0x00007f902b902000 Threw 0x00000007ea6f3e58 at /HUDSON/workspace/jdk7u25-2-build-macosx-amd64-product/jdk7u25/hotspot/src/share/vm/prims/jvm.cpp:1235
Event: 44.122 Thread 0x00007f902b8c2800 Threw 0x00000007ea441308 at /HUDSON/workspace/jdk7u25-2-build-macosx-amd64-product/jdk7u25/hotspot/src/share/vm/prims/jni.cpp:716
Event: 44.122 Thread 0x00007f902b8c2800 Threw 0x00000007ea4414b8 at /HUDSON/workspace/jdk7u25-2-build-macosx-amd64-product/jdk7u25/hotspot/src/share/vm/prims/jni.cpp:716
Event: 44.122 Thread 0x00007f902b8c2800 Threw 0x00000007ea441638 at /HUDSON/workspace/jdk7u25-2-build-macosx-amd64-product/jdk7u25/hotspot/src/share/vm/prims/jni.cpp:716
Event: 44.122 Thread 0x00007f902a06b000 Threw 0x00000007ea208c50 at /HUDSON/workspace/jdk7u25-2-build-macosx-amd64-product/jdk7u25/hotspot/src/share/vm/prims/jni.cpp:742
Event: 44.123 Thread 0x00007f902a06b000 Threw 0x00000007ea4468d8 at /HUDSON/workspace/jdk7u25-2-build-macosx-amd64-product/jdk7u25/hotspot/src/share/vm/prims/jni.cpp:716
Event: 44.123 Thread 0x00007f902a06b000 Threw 0x00000007ea446a88 at /HUDSON/workspace/jdk7u25-2-build-macosx-amd64-product/jdk7u25/hotspot/src/share/vm/prims/jni.cpp:716
Event: 44.123 Thread 0x00007f902a06b000 Threw 0x00000007ea446c08 at /HUDSON/workspace/jdk7u25-2-build-macosx-amd64-product/jdk7u25/hotspot/src/share/vm/prims/jni.cpp:716

Events (10 events):
Event: 43.865 Thread 0x00007f902b8c3800 Thread added: 0x00007f902b8c3800
Event: 43.865 Thread 0x00007f902b813800 Thread exited: 0x00007f902b813800
Event: 43.866 Executing VM operation: RevokeBias
Event: 43.866 Executing VM operation: RevokeBias done
Event: 44.122 Thread 0x00007f902b8c2800 Thread exited: 0x00007f902b8c2800
Event: 44.122 loading class 0x00007f9029c465d0
Event: 44.123 Thread 0x00007f902a075000 Thread exited: 0x00007f902a075000
Event: 44.123 loading class 0x00007f9029c465d0 done
Event: 44.123 Thread 0x00007f902a06b000 Thread exited: 0x00007f902a06b000
Event: 44.123 Executing VM operation: Exit


Dynamic libraries:
0x0000000003f08000 	/System/Library/Frameworks/Cocoa.framework/Versions/A/Cocoa
0x0000000003f08000 	/System/Library/Frameworks/Security.framework/Versions/A/Security
0x0000000003f08000 	/System/Library/Frameworks/ApplicationServices.framework/Versions/A/ApplicationServices
0x0000000003f08000 	/usr/lib/libz.1.dylib
0x0000000003f08000 	/usr/lib/libSystem.B.dylib
0x0000000003f08000 	/usr/lib/libobjc.A.dylib
0x0000000003f08000 	/System/Library/Frameworks/CoreFoundation.framework/Versions/A/CoreFoundation
0x0000000003f08000 	/System/Library/Frameworks/AppKit.framework/Versions/C/AppKit
0x0000000003f08000 	/System/Library/Frameworks/CoreData.framework/Versions/A/CoreData
0x0000000003f08000 	/System/Library/Frameworks/Foundation.framework/Versions/C/Foundation
0x0000000003f08000 	/System/Library/PrivateFrameworks/RemoteViewServices.framework/Versions/A/RemoteViewServices
0x0000000003f08000 	/System/Library/Frameworks/AudioToolbox.framework/Versions/A/AudioToolbox
0x0000000003f08000 	/System/Library/Frameworks/AudioUnit.framework/Versions/A/AudioUnit
0x0000000003f08000 	/System/Library/PrivateFrameworks/DataDetectorsCore.framework/Versions/A/DataDetectorsCore
0x0000000003f08000 	/System/Library/PrivateFrameworks/DesktopServicesPriv.framework/Versions/A/DesktopServicesPriv
0x0000000003f08000 	/System/Library/Frameworks/Carbon.framework/Versions/A/Frameworks/HIToolbox.framework/Versions/A/HIToolbox
0x0000000003f08000 	/System/Library/Frameworks/QuartzCore.framework/Versions/A/QuartzCore
0x0000000003f08000 	/System/Library/Frameworks/Carbon.framework/Versions/A/Frameworks/SpeechRecognition.framework/Versions/A/SpeechRecognition
0x0000000003f08000 	/usr/lib/libauto.dylib
0x0000000003f08000 	/usr/lib/libicucore.A.dylib
0x0000000003f08000 	/usr/lib/libxml2.2.dylib
0x0000000003f08000 	/System/Library/PrivateFrameworks/CoreUI.framework/Versions/A/CoreUI
0x0000000003f08000 	/System/Library/Frameworks/CoreAudio.framework/Versions/A/CoreAudio
0x0000000003f08000 	/System/Library/Frameworks/DiskArbitration.framework/Versions/A/DiskArbitration
0x0000000003f08000 	/usr/lib/liblangid.dylib
0x0000000003f08000 	/System/Library/PrivateFrameworks/MultitouchSupport.framework/Versions/A/MultitouchSupport
0x0000000003f08000 	/System/Library/Frameworks/IOKit.framework/Versions/A/IOKit
0x0000000003f08000 	/usr/lib/libDiagnosticMessagesClient.dylib
0x0000000003f08000 	/System/Library/Frameworks/CoreServices.framework/Versions/A/CoreServices
0x0000000003f08000 	/System/Library/PrivateFrameworks/PerformanceAnalysis.framework/Versions/A/PerformanceAnalysis
0x0000000003f08000 	/System/Library/PrivateFrameworks/GenerationalStorage.framework/Versions/A/GenerationalStorage
0x0000000003f08000 	/System/Library/Frameworks/OpenGL.framework/Versions/A/OpenGL
0x0000000003f08000 	/System/Library/PrivateFrameworks/Sharing.framework/Versions/A/Sharing
0x0000000003f08000 	/System/Library/Frameworks/ImageIO.framework/Versions/A/ImageIO
0x0000000003f08000 	/System/Library/Frameworks/CoreText.framework/Versions/A/CoreText
0x0000000003f08000 	/System/Library/Frameworks/CoreGraphics.framework/Versions/A/CoreGraphics
0x0000000003f08000 	/System/Library/PrivateFrameworks/Backup.framework/Versions/A/Backup
0x0000000003f08000 	/System/Library/Frameworks/CFNetwork.framework/Versions/A/CFNetwork
0x0000000003f08000 	/System/Library/Frameworks/SystemConfiguration.framework/Versions/A/SystemConfiguration
0x0000000003f08000 	/usr/lib/libCRFSuite.dylib
0x0000000003f08000 	/usr/lib/libc++.1.dylib
0x0000000003f08000 	/usr/lib/libc++abi.dylib
0x0000000003f08000 	/usr/lib/system/libcache.dylib
0x0000000003f08000 	/usr/lib/system/libcommonCrypto.dylib
0x0000000003f08000 	/usr/lib/system/libcompiler_rt.dylib
0x0000000003f08000 	/usr/lib/system/libcopyfile.dylib
0x0000000003f08000 	/usr/lib/system/libcorecrypto.dylib
0x0000000003f08000 	/usr/lib/system/libdispatch.dylib
0x0000000003f08000 	/usr/lib/system/libdyld.dylib
0x0000000003f08000 	/usr/lib/system/libkeymgr.dylib
0x0000000003f08000 	/usr/lib/system/liblaunch.dylib
0x0000000003f08000 	/usr/lib/system/libmacho.dylib
0x0000000003f08000 	/usr/lib/system/libquarantine.dylib
0x0000000003f08000 	/usr/lib/system/libremovefile.dylib
0x0000000003f08000 	/usr/lib/system/libsystem_asl.dylib
0x0000000003f08000 	/usr/lib/system/libsystem_blocks.dylib
0x0000000003f08000 	/usr/lib/system/libsystem_c.dylib
0x0000000003f08000 	/usr/lib/system/libsystem_configuration.dylib
0x0000000003f08000 	/usr/lib/system/libsystem_dnssd.dylib
0x0000000003f08000 	/usr/lib/system/libsystem_info.dylib
0x0000000003f08000 	/usr/lib/system/libsystem_kernel.dylib
0x0000000003f08000 	/usr/lib/system/libsystem_m.dylib
0x0000000003f08000 	/usr/lib/system/libsystem_malloc.dylib
0x0000000003f08000 	/usr/lib/system/libsystem_network.dylib
0x0000000003f08000 	/usr/lib/system/libsystem_notify.dylib
0x0000000003f08000 	/usr/lib/system/libsystem_platform.dylib
0x0000000003f08000 	/usr/lib/system/libsystem_pthread.dylib
0x0000000003f08000 	/usr/lib/system/libsystem_sandbox.dylib
0x0000000003f08000 	/usr/lib/system/libsystem_stats.dylib
0x0000000003f08000 	/usr/lib/system/libunc.dylib
0x0000000003f08000 	/usr/lib/system/libunwind.dylib
0x0000000003f08000 	/usr/lib/system/libxpc.dylib
0x0000000003f08000 	/usr/lib/libbsm.0.dylib
0x0000000003f08000 	/usr/lib/libsqlite3.dylib
0x0000000003f08000 	/usr/lib/libxar.1.dylib
0x0000000003f08000 	/usr/lib/libpam.2.dylib
0x0000000003f08000 	/usr/lib/libOpenScriptingUtil.dylib
0x0000000003f08000 	/usr/lib/libbz2.1.0.dylib
0x0000000003f08000 	/System/Library/Frameworks/CoreServices.framework/Versions/A/Frameworks/CarbonCore.framework/Versions/A/CarbonCore
0x0000000003f08000 	/System/Library/Frameworks/CoreServices.framework/Versions/A/Frameworks/Metadata.framework/Versions/A/Metadata
0x0000000003f08000 	/System/Library/Frameworks/CoreServices.framework/Versions/A/Frameworks/OSServices.framework/Versions/A/OSServices
0x0000000003f08000 	/System/Library/Frameworks/CoreServices.framework/Versions/A/Frameworks/SearchKit.framework/Versions/A/SearchKit
0x0000000003f08000 	/System/Library/Frameworks/CoreServices.framework/Versions/A/Frameworks/AE.framework/Versions/A/AE
0x0000000003f08000 	/System/Library/Frameworks/CoreServices.framework/Versions/A/Frameworks/LaunchServices.framework/Versions/A/LaunchServices
0x0000000003f08000 	/System/Library/Frameworks/CoreServices.framework/Versions/A/Frameworks/DictionaryServices.framework/Versions/A/DictionaryServices
0x0000000003f08000 	/System/Library/Frameworks/NetFS.framework/Versions/A/NetFS
0x0000000003f08000 	/usr/lib/system/libkxld.dylib
0x0000000003f08000 	/System/Library/PrivateFrameworks/NetAuth.framework/Versions/A/NetAuth
0x0000000003f08000 	/System/Library/PrivateFrameworks/TCC.framework/Versions/A/TCC
0x0000000003f08000 	/System/Library/Frameworks/OpenDirectory.framework/Versions/A/Frameworks/CFOpenDirectory.framework/Versions/A/CFOpenDirectory
0x0000000003f08000 	/System/Library/Frameworks/ServiceManagement.framework/Versions/A/ServiceManagement
0x0000000003f08000 	/usr/lib/libxslt.1.dylib
0x0000000003f08000 	/System/Library/Frameworks/Carbon.framework/Versions/A/Frameworks/Ink.framework/Versions/A/Ink
0x0000000003f08000 	/System/Library/Frameworks/ApplicationServices.framework/Versions/A/Frameworks/ATS.framework/Versions/A/ATS
0x0000000003f08000 	/System/Library/Frameworks/ApplicationServices.framework/Versions/A/Frameworks/ColorSync.framework/Versions/A/ColorSync
0x0000000003f08000 	/System/Library/Frameworks/ApplicationServices.framework/Versions/A/Frameworks/HIServices.framework/Versions/A/HIServices
0x0000000003f08000 	/System/Library/Frameworks/ApplicationServices.framework/Versions/A/Frameworks/LangAnalysis.framework/Versions/A/LangAnalysis
0x0000000003f08000 	/System/Library/Frameworks/ApplicationServices.framework/Versions/A/Frameworks/PrintCore.framework/Versions/A/PrintCore
0x0000000003f08000 	/System/Library/Frameworks/ApplicationServices.framework/Versions/A/Frameworks/QD.framework/Versions/A/QD
0x0000000003f08000 	/System/Library/Frameworks/ApplicationServices.framework/Versions/A/Frameworks/SpeechSynthesis.framework/Versions/A/SpeechSynthesis
0x0000000003f08000 	/System/Library/Frameworks/IOSurface.framework/Versions/A/IOSurface
0x0000000003f08000 	/System/Library/Frameworks/Accelerate.framework/Versions/A/Accelerate
0x0000000003f08000 	/System/Library/Frameworks/Accelerate.framework/Versions/A/Frameworks/vImage.framework/Versions/A/vImage
0x0000000003f08000 	/System/Library/Frameworks/Accelerate.framework/Versions/A/Frameworks/vecLib.framework/Versions/A/vecLib
0x0000000003f08000 	/System/Library/Frameworks/Accelerate.framework/Versions/A/Frameworks/vecLib.framework/Versions/A/libvDSP.dylib
0x0000000003f08000 	/System/Library/Frameworks/Accelerate.framework/Versions/A/Frameworks/vecLib.framework/Versions/A/libvMisc.dylib
0x0000000003f08000 	/System/Library/Frameworks/Accelerate.framework/Versions/A/Frameworks/vecLib.framework/Versions/A/libLAPACK.dylib
0x0000000003f08000 	/System/Library/Frameworks/Accelerate.framework/Versions/A/Frameworks/vecLib.framework/Versions/A/libBLAS.dylib
0x0000000003f08000 	/System/Library/Frameworks/ApplicationServices.framework/Versions/A/Frameworks/ATS.framework/Versions/A/Resources/libFontParser.dylib
0x0000000003f08000 	/System/Library/Frameworks/ApplicationServices.framework/Versions/A/Frameworks/ATS.framework/Versions/A/Resources/libFontRegistry.dylib
0x0000000003f08000 	/System/Library/Frameworks/ImageIO.framework/Versions/A/Resources/libJPEG.dylib
0x0000000003f08000 	/System/Library/Frameworks/ImageIO.framework/Versions/A/Resources/libTIFF.dylib
0x0000000003f08000 	/System/Library/Frameworks/ImageIO.framework/Versions/A/Resources/libPng.dylib
0x0000000003f08000 	/System/Library/Frameworks/ImageIO.framework/Versions/A/Resources/libGIF.dylib
0x0000000003f08000 	/System/Library/Frameworks/ImageIO.framework/Versions/A/Resources/libJP2.dylib
0x0000000003f08000 	/System/Library/Frameworks/ImageIO.framework/Versions/A/Resources/libRadiance.dylib
0x0000000003f08000 	/usr/lib/libcups.2.dylib
0x0000000003f08000 	/System/Library/Frameworks/Kerberos.framework/Versions/A/Kerberos
0x0000000003f08000 	/System/Library/Frameworks/GSS.framework/Versions/A/GSS
0x0000000003f08000 	/usr/lib/libresolv.9.dylib
0x0000000003f08000 	/usr/lib/libiconv.2.dylib
0x0000000003f08000 	/System/Library/PrivateFrameworks/Heimdal.framework/Versions/A/Heimdal
0x0000000003f08000 	/System/Library/PrivateFrameworks/TrustEvaluationAgent.framework/Versions/A/TrustEvaluationAgent
0x0000000003f08000 	/usr/lib/libheimdal-asn1.dylib
0x0000000003f08000 	/System/Library/Frameworks/OpenDirectory.framework/Versions/A/OpenDirectory
0x0000000003f08000 	/System/Library/PrivateFrameworks/CommonAuth.framework/Versions/A/CommonAuth
0x0000000003f08000 	/System/Library/Frameworks/SecurityFoundation.framework/Versions/A/SecurityFoundation
0x0000000003f08000 	/System/Library/PrivateFrameworks/Bom.framework/Versions/A/Bom
0x0000000003f08000 	/System/Library/Frameworks/CoreVideo.framework/Versions/A/CoreVideo
0x0000000003f08000 	/System/Library/Frameworks/QuartzCore.framework/Versions/A/Frameworks/CoreImage.framework/Versions/A/CoreImage
0x0000000003f08000 	/System/Library/Frameworks/QuartzCore.framework/Versions/A/Frameworks/ScalableUserInterface.framework/Versions/A/ScalableUserInterface
0x0000000003f08000 	/System/Library/Frameworks/OpenGL.framework/Versions/A/Libraries/libGLU.dylib
0x0000000003f08000 	/System/Library/Frameworks/OpenGL.framework/Versions/A/Libraries/libGFXShared.dylib
0x0000000003f08000 	/System/Library/Frameworks/OpenGL.framework/Versions/A/Libraries/libGL.dylib
0x0000000003f08000 	/System/Library/Frameworks/OpenGL.framework/Versions/A/Libraries/libGLImage.dylib
0x0000000003f08000 	/System/Library/Frameworks/OpenGL.framework/Versions/A/Libraries/libCVMSPluginSupport.dylib
0x0000000003f08000 	/System/Library/Frameworks/OpenGL.framework/Versions/A/Libraries/libCoreVMClient.dylib
0x0000000003f08000 	/System/Library/PrivateFrameworks/FaceCore.framework/Versions/A/FaceCore
0x0000000003f08000 	/System/Library/PrivateFrameworks/CrashReporterSupport.framework/Versions/A/CrashReporterSupport
0x0000000003f08000 	/System/Library/Frameworks/OpenCL.framework/Versions/A/OpenCL
0x0000000003f08000 	/System/Library/PrivateFrameworks/AppleFSCompression.framework/Versions/A/AppleFSCompression
0x0000000003f08000 	/System/Library/PrivateFrameworks/Ubiquity.framework/Versions/A/Ubiquity
0x0000000003f08000 	/System/Library/PrivateFrameworks/IconServices.framework/Versions/A/IconServices
0x0000000003f08000 	/System/Library/PrivateFrameworks/ChunkingLibrary.framework/Versions/A/ChunkingLibrary
0x0000000003f08000 	/System/Library/PrivateFrameworks/CoreSymbolication.framework/Versions/A/CoreSymbolication
0x0000000003f08000 	/System/Library/PrivateFrameworks/Symbolication.framework/Versions/A/Symbolication
0x0000000003f08000 	/System/Library/PrivateFrameworks/DebugSymbols.framework/Versions/A/DebugSymbols
0x000000010f0f9000 	/Library/Java/JavaVirtualMachines/jdk1.7.0_25.jdk/Contents/Home/jre/lib/server/libjvm.dylib
0x0000000003f08000 	/usr/lib/libstdc++.6.dylib
0x000000010fca5000 	/Library/Java/JavaVirtualMachines/jdk1.7.0_25.jdk/Contents/Home/jre/lib/libverify.dylib
0x000000010fcb2000 	/Library/Java/JavaVirtualMachines/jdk1.7.0_25.jdk/Contents/Home/jre/lib/libjava.dylib
0x000000010fcfa000 	/Applications/NetBeans/NetBeans 7.3.1.app/Contents/Resources/NetBeans/profiler/lib/deployed/jdk16/mac/libprofilerinterface.jnilib
0x000000010fd05000 	/System/Library/Frameworks/JavaVM.framework/Versions/A/JavaVM
0x000000010fd12000 	/System/Library/PrivateFrameworks/JavaLaunching.framework/Versions/A/JavaLaunching
0x000000010fd26000 	/Library/Java/JavaVirtualMachines/jdk1.7.0_25.jdk/Contents/Home/jre/lib/libzip.dylib
0x0000000113cc0000 	/System/Library/Frameworks/JavaVM.framework/Frameworks/JavaRuntimeSupport.framework/JavaRuntimeSupport
0x0000000113cd8000 	/System/Library/Frameworks/JavaVM.framework/Versions/A/Frameworks/JavaNativeFoundation.framework/Versions/A/JavaNativeFoundation
0x0000000003f08000 	/System/Library/Frameworks/Carbon.framework/Versions/A/Carbon
0x0000000003f08000 	/System/Library/Frameworks/Carbon.framework/Versions/A/Frameworks/CommonPanels.framework/Versions/A/CommonPanels
0x0000000003f08000 	/System/Library/Frameworks/Carbon.framework/Versions/A/Frameworks/Help.framework/Versions/A/Help
0x0000000003f08000 	/System/Library/Frameworks/Carbon.framework/Versions/A/Frameworks/ImageCapture.framework/Versions/A/ImageCapture
0x0000000003f08000 	/System/Library/Frameworks/Carbon.framework/Versions/A/Frameworks/OpenScripting.framework/Versions/A/OpenScripting
0x0000000003f08000 	/System/Library/Frameworks/Carbon.framework/Versions/A/Frameworks/Print.framework/Versions/A/Print
0x0000000003f08000 	/System/Library/Frameworks/Carbon.framework/Versions/A/Frameworks/SecurityHI.framework/Versions/A/SecurityHI
0x00000001140a3000 	/Library/Java/JavaVirtualMachines/jdk1.7.0_25.jdk/Contents/Home/jre/lib/libnet.dylib
0x0000000114100000 	/Library/Java/JavaVirtualMachines/jdk1.7.0_25.jdk/Contents/Home/jre/lib/libnio.dylib
0x0000000114315000 	/Library/Java/JavaVirtualMachines/jdk1.7.0_25.jdk/Contents/Home/jre/lib/libmanagement.dylib

VM Arguments:
jvm_args: -Dfile.encoding=UTF-8 -Djava.net.preferIPv4Stack=true -agentpath:/Applications/NetBeans/NetBeans 7.3.1.app/Contents/Resources/NetBeans/profiler/lib/deployed/jdk16/mac/libprofilerinterface.jnilib=/Applications/NetBeans/NetBeans 7.3.1.app/Contents/Resources/NetBeans/profiler/lib,5140,10 -XX:+HeapDumpOnOutOfMemoryError -XX:HeapDumpPath=/Users/epaln/NetBeansProjects/EPInAction/nbproject/private/profiler 
java_command: test.EPInAction
Launcher Type: SUN_STANDARD

Environment Variables:
PATH=/usr/bin:/bin:/usr/sbin:/sbin
LD_LIBRARY_PATH=/Library/Java/JavaVirtualMachines/jdk1.7.0_25.jdk/Contents/Home/jre/lib/amd64:/Library/Java/JavaVirtualMachines/jdk1.7.0_25.jdk/Contents/Home/jre/lib/i386:
SHELL=/bin/bash
DISPLAY=/tmp/launch-Jz6fRx/org.macosforge.xquartz:0

Signal Handlers:
SIGSEGV: [libjvm.dylib+0x4a820f], sa_mask[0]=0xfffefeff, sa_flags=0x00000042
SIGBUS: [libjvm.dylib+0x4a820f], sa_mask[0]=0xfffefeff, sa_flags=0x00000042
SIGFPE: [libjvm.dylib+0x3b7495], sa_mask[0]=0xfffefeff, sa_flags=0x00000042
SIGPIPE: [libjvm.dylib+0x3b7495], sa_mask[0]=0xfffefeff, sa_flags=0x00000042
SIGXFSZ: [libjvm.dylib+0x3b7495], sa_mask[0]=0xfffefeff, sa_flags=0x00000042
SIGILL: [libjvm.dylib+0x3b7495], sa_mask[0]=0xfffefeff, sa_flags=0x00000042
SIGUSR1: SIG_DFL, sa_mask[0]=0x00000000, sa_flags=0x00000002
SIGUSR2: [libjvm.dylib+0x3b702e], sa_mask[0]=0x00000004, sa_flags=0x00000042
SIGHUP: [libjvm.dylib+0x3b528f], sa_mask[0]=0xfffefeff, sa_flags=0x00000042
SIGINT: SIG_IGN, sa_mask[0]=0x00000000, sa_flags=0x00000000
SIGTERM: [libjvm.dylib+0x3b528f], sa_mask[0]=0xfffefeff, sa_flags=0x00000042
SIGQUIT: [libjvm.dylib+0x3b528f], sa_mask[0]=0xfffefeff, sa_flags=0x00000042


---------------  S Y S T E M  ---------------

OS:Bsduname:Darwin 13.0.0 Darwin Kernel Version 13.0.0: Thu Sep 19 22:22:27 PDT 2013; root:xnu-2422.1.72~6/RELEASE_X86_64 x86_64
rlimit: STACK 8192k, CORE 0k, NPROC 709, NOFILE 10240, AS infinity
load average:5.20 3.94 4.56

CPU:total 4 (2 cores per cpu, 2 threads per core) family 6 model 37 stepping 5, cmov, cx8, fxsr, mmx, sse, sse2, sse3, ssse3, sse4.1, sse4.2, popcnt, ht, tsc, tscinvbit

Memory: 4k page, physical 1090840k(272710k free)

/proc/meminfo:


vm_info: Java HotSpot(TM) 64-Bit Server VM (23.25-b01) for bsd-amd64 JRE (1.7.0_25-b15), built on Jun  5 2013 22:26:36 by "java_re" with gcc 4.2.1 (Based on Apple Inc. build 5658) (LLVM build 2336.11.00)

time: Thu Jan 16 10:40:30 2014
elapsed time: 44 seconds

